STAR version=STAR_2.5.3a
STAR compilation time,server,dir=Fri Mar 17 11:35:46 EDT 2017 florence.cshl.edu:/sonas-hs/gingeras/nlsas_norepl/user/dobin/STAR/STAR.sandbox/source
##### DEFAULT parameters:
versionSTAR                       20201
versionGenome                     20101   20200   
parametersFiles                   -   
sysShell                          -
runMode                           alignReads
runThreadN                        1
runDirPerm                        User_RWX
runRNGseed                        777
genomeDir                         ./GenomeDir/
genomeLoad                        NoSharedMemory
genomeFastaFiles                  -   
genomeChainFiles                  -   
genomeSAindexNbases               14
genomeChrBinNbits                 18
genomeSAsparseD                   1
genomeSuffixLengthMax             18446744073709551615
genomeFileSizes                   0   
readFilesIn                       Read1   Read2   
readFilesCommand                  -   
readMatesLengthsIn                NotEqual
readMapNumber                     18446744073709551615
readNameSeparator                 /   
inputBAMfile                      -
bamRemoveDuplicatesType           -
bamRemoveDuplicatesMate2basesN    0
limitGenomeGenerateRAM            31000000000
limitIObufferSize                 150000000
limitOutSAMoneReadBytes           100000
limitOutSJcollapsed               1000000
limitOutSJoneRead                 1000
limitBAMsortRAM                   0
limitSjdbInsertNsj                1000000
outFileNamePrefix                 ./
outTmpDir                         -
outTmpKeep                        None
outStd                            Log
outReadsUnmapped                  None
outQSconversionAdd                0
outMultimapperOrder               Old_2.4
outSAMtype                        SAM   
outSAMmode                        Full
outSAMstrandField                 None
outSAMattributes                  Standard   
outSAMunmapped                    None   
outSAMorder                       Paired
outSAMprimaryFlag                 OneBestScore
outSAMreadID                      Standard
outSAMmapqUnique                  255
outSAMflagOR                      0
outSAMflagAND                     65535
outSAMattrRGline                  -   
outSAMheaderHD                    -   
outSAMheaderPG                    -   
outSAMheaderCommentFile           -
outBAMcompression                 1
outBAMsortingThreadN              0
outSAMfilter                      None   
outSAMmultNmax                    18446744073709551615
outSAMattrIHstart                 1
outSJfilterReads                  All
outSJfilterCountUniqueMin         3   1   1   1   
outSJfilterCountTotalMin          3   1   1   1   
outSJfilterOverhangMin            30   12   12   12   
outSJfilterDistToOtherSJmin       10   0   5   10   
outSJfilterIntronMaxVsReadN       50000   100000   200000   
outWigType                        None   
outWigStrand                      Stranded   
outWigReferencesPrefix            -
outWigNorm                        RPM   
outFilterType                     Normal
outFilterMultimapNmax             10
outFilterMultimapScoreRange       1
outFilterScoreMin                 0
outFilterScoreMinOverLread        0.66
outFilterMatchNmin                0
outFilterMatchNminOverLread       0.66
outFilterMismatchNmax             10
outFilterMismatchNoverLmax        0.3
outFilterMismatchNoverReadLmax    1
outFilterIntronMotifs             None
clip5pNbases                      0   
clip3pNbases                      0   
clip3pAfterAdapterNbases          0   
clip3pAdapterSeq                  -   
clip3pAdapterMMp                  0.1   
winBinNbits                       16
winAnchorDistNbins                9
winFlankNbins                     4
winAnchorMultimapNmax             50
winReadCoverageRelativeMin        0.5
winReadCoverageBasesMin           0
scoreGap                          0
scoreGapNoncan                    -8
scoreGapGCAG                      -4
scoreGapATAC                      -8
scoreStitchSJshift                1
scoreGenomicLengthLog2scale       -0.25
scoreDelBase                      -2
scoreDelOpen                      -2
scoreInsOpen                      -2
scoreInsBase                      -2
seedSearchLmax                    0
seedSearchStartLmax               50
seedSearchStartLmaxOverLread      1
seedPerReadNmax                   1000
seedPerWindowNmax                 50
seedNoneLociPerWindow             10
seedMultimapNmax                  10000
alignIntronMin                    21
alignIntronMax                    0
alignMatesGapMax                  0
alignTranscriptsPerReadNmax       10000
alignSJoverhangMin                5
alignSJDBoverhangMin              3
alignSJstitchMismatchNmax         0   -1   0   0   
alignSplicedMateMapLmin           0
alignSplicedMateMapLminOverLmate    0.66
alignWindowsPerReadNmax           10000
alignTranscriptsPerWindowNmax     100
alignEndsType                     Local
alignSoftClipAtReferenceEnds      Yes
alignEndsProtrude                 0   ConcordantPair   
chimSegmentMin                    0
chimScoreMin                      0
chimScoreDropMax                  20
chimScoreSeparation               10
chimScoreJunctionNonGTAG          -1
chimMainSegmentMultNmax           10
chimJunctionOverhangMin           20
chimOutType                       SeparateSAMold   
chimFilter                        banGenomicN   
chimSegmentReadGapMax             0
sjdbFileChrStartEnd               -   
sjdbGTFfile                       -
sjdbGTFchrPrefix                  -
sjdbGTFfeatureExon                exon
sjdbGTFtagExonParentTranscript    transcript_id
sjdbGTFtagExonParentGene          gene_id
sjdbOverhang                      100
sjdbScore                         2
sjdbInsertSave                    Basic
quantMode                         -   
quantTranscriptomeBAMcompression    1
quantTranscriptomeBan             IndelSoftclipSingleend
twopass1readsN                    18446744073709551615
twopassMode                       None
##### Command Line:
/home/sf040090/software/STAR-2.5.3a/bin/Linux_x86_64/STAR --runThreadN 1 --runMode genomeGenerate --genomeDir /scratch/sf040090/genomes20180307/transcriptome_hg38_150overhang --genomeFastaFiles /home/sf040090/Li-2017-hFGC/genomefiles/UCSChg38.fa --sjdbGTFfile /home/sf040090/Li-2017-hFGC/genomefiles/hg38_UCSC_refGene_chrM_sorted.gtf --sjdbOverhang 149 --limitGenomeGenerateRAM 150000000000 --limitSjdbInsertNsj 6000000
##### Initial USER parameters from Command Line:
###### All USER parameters from Command Line:
runThreadN                    1     ~RE-DEFINED
runMode                       genomeGenerate     ~RE-DEFINED
genomeDir                     /scratch/sf040090/genomes20180307/transcriptome_hg38_150overhang     ~RE-DEFINED
genomeFastaFiles              /home/sf040090/Li-2017-hFGC/genomefiles/UCSChg38.fa        ~RE-DEFINED
sjdbGTFfile                   /home/sf040090/Li-2017-hFGC/genomefiles/hg38_UCSC_refGene_chrM_sorted.gtf     ~RE-DEFINED
sjdbOverhang                  149     ~RE-DEFINED
limitGenomeGenerateRAM        150000000000     ~RE-DEFINED
limitSjdbInsertNsj            6000000     ~RE-DEFINED
##### Finished reading parameters from all sources

##### Final user re-defined parameters-----------------:
runMode                           genomeGenerate
runThreadN                        1
genomeDir                         /scratch/sf040090/genomes20180307/transcriptome_hg38_150overhang
genomeFastaFiles                  /home/sf040090/Li-2017-hFGC/genomefiles/UCSChg38.fa   
limitGenomeGenerateRAM            150000000000
limitSjdbInsertNsj                6000000
sjdbGTFfile                       /home/sf040090/Li-2017-hFGC/genomefiles/hg38_UCSC_refGene_chrM_sorted.gtf
sjdbOverhang                      149

-------------------------------
##### Final effective command line:
/home/sf040090/software/STAR-2.5.3a/bin/Linux_x86_64/STAR   --runMode genomeGenerate   --runThreadN 1   --genomeDir /scratch/sf040090/genomes20180307/transcriptome_hg38_150overhang   --genomeFastaFiles /home/sf040090/Li-2017-hFGC/genomefiles/UCSChg38.fa      --limitGenomeGenerateRAM 150000000000   --limitSjdbInsertNsj 6000000   --sjdbGTFfile /home/sf040090/Li-2017-hFGC/genomefiles/hg38_UCSC_refGene_chrM_sorted.gtf   --sjdbOverhang 149

##### Final parameters after user input--------------------------------:
versionSTAR                       20201
versionGenome                     20101   20200   
parametersFiles                   -   
sysShell                          -
runMode                           genomeGenerate
runThreadN                        1
runDirPerm                        User_RWX
runRNGseed                        777
genomeDir                         /scratch/sf040090/genomes20180307/transcriptome_hg38_150overhang
genomeLoad                        NoSharedMemory
genomeFastaFiles                  /home/sf040090/Li-2017-hFGC/genomefiles/UCSChg38.fa   
genomeChainFiles                  -   
genomeSAindexNbases               14
genomeChrBinNbits                 18
genomeSAsparseD                   1
genomeSuffixLengthMax             18446744073709551615
genomeFileSizes                   0   
readFilesIn                       Read1   Read2   
readFilesCommand                  -   
readMatesLengthsIn                NotEqual
readMapNumber                     18446744073709551615
readNameSeparator                 /   
inputBAMfile                      -
bamRemoveDuplicatesType           -
bamRemoveDuplicatesMate2basesN    0
limitGenomeGenerateRAM            150000000000
limitIObufferSize                 150000000
limitOutSAMoneReadBytes           100000
limitOutSJcollapsed               1000000
limitOutSJoneRead                 1000
limitBAMsortRAM                   0
limitSjdbInsertNsj                6000000
outFileNamePrefix                 ./
outTmpDir                         -
outTmpKeep                        None
outStd                            Log
outReadsUnmapped                  None
outQSconversionAdd                0
outMultimapperOrder               Old_2.4
outSAMtype                        SAM   
outSAMmode                        Full
outSAMstrandField                 None
outSAMattributes                  Standard   
outSAMunmapped                    None   
outSAMorder                       Paired
outSAMprimaryFlag                 OneBestScore
outSAMreadID                      Standard
outSAMmapqUnique                  255
outSAMflagOR                      0
outSAMflagAND                     65535
outSAMattrRGline                  -   
outSAMheaderHD                    -   
outSAMheaderPG                    -   
outSAMheaderCommentFile           -
outBAMcompression                 1
outBAMsortingThreadN              0
outSAMfilter                      None   
outSAMmultNmax                    18446744073709551615
outSAMattrIHstart                 1
outSJfilterReads                  All
outSJfilterCountUniqueMin         3   1   1   1   
outSJfilterCountTotalMin          3   1   1   1   
outSJfilterOverhangMin            30   12   12   12   
outSJfilterDistToOtherSJmin       10   0   5   10   
outSJfilterIntronMaxVsReadN       50000   100000   200000   
outWigType                        None   
outWigStrand                      Stranded   
outWigReferencesPrefix            -
outWigNorm                        RPM   
outFilterType                     Normal
outFilterMultimapNmax             10
outFilterMultimapScoreRange       1
outFilterScoreMin                 0
outFilterScoreMinOverLread        0.66
outFilterMatchNmin                0
outFilterMatchNminOverLread       0.66
outFilterMismatchNmax             10
outFilterMismatchNoverLmax        0.3
outFilterMismatchNoverReadLmax    1
outFilterIntronMotifs             None
clip5pNbases                      0   
clip3pNbases                      0   
clip3pAfterAdapterNbases          0   
clip3pAdapterSeq                  -   
clip3pAdapterMMp                  0.1   
winBinNbits                       16
winAnchorDistNbins                9
winFlankNbins                     4
winAnchorMultimapNmax             50
winReadCoverageRelativeMin        0.5
winReadCoverageBasesMin           0
scoreGap                          0
scoreGapNoncan                    -8
scoreGapGCAG                      -4
scoreGapATAC                      -8
scoreStitchSJshift                1
scoreGenomicLengthLog2scale       -0.25
scoreDelBase                      -2
scoreDelOpen                      -2
scoreInsOpen                      -2
scoreInsBase                      -2
seedSearchLmax                    0
seedSearchStartLmax               50
seedSearchStartLmaxOverLread      1
seedPerReadNmax                   1000
seedPerWindowNmax                 50
seedNoneLociPerWindow             10
seedMultimapNmax                  10000
alignIntronMin                    21
alignIntronMax                    0
alignMatesGapMax                  0
alignTranscriptsPerReadNmax       10000
alignSJoverhangMin                5
alignSJDBoverhangMin              3
alignSJstitchMismatchNmax         0   -1   0   0   
alignSplicedMateMapLmin           0
alignSplicedMateMapLminOverLmate    0.66
alignWindowsPerReadNmax           10000
alignTranscriptsPerWindowNmax     100
alignEndsType                     Local
alignSoftClipAtReferenceEnds      Yes
alignEndsProtrude                 0   ConcordantPair   
chimSegmentMin                    0
chimScoreMin                      0
chimScoreDropMax                  20
chimScoreSeparation               10
chimScoreJunctionNonGTAG          -1
chimMainSegmentMultNmax           10
chimJunctionOverhangMin           20
chimOutType                       SeparateSAMold   
chimFilter                        banGenomicN   
chimSegmentReadGapMax             0
sjdbFileChrStartEnd               -   
sjdbGTFfile                       /home/sf040090/Li-2017-hFGC/genomefiles/hg38_UCSC_refGene_chrM_sorted.gtf
sjdbGTFchrPrefix                  -
sjdbGTFfeatureExon                exon
sjdbGTFtagExonParentTranscript    transcript_id
sjdbGTFtagExonParentGene          gene_id
sjdbOverhang                      149
sjdbScore                         2
sjdbInsertSave                    Basic
quantMode                         -   
quantTranscriptomeBAMcompression    1
quantTranscriptomeBan             IndelSoftclipSingleend
twopass1readsN                    18446744073709551615
twopassMode                       None
----------------------------------------

Finished loading and checking parameters
Mar 07 22:10:40 ... starting to generate Genome files
/home/sf040090/Li-2017-hFGC/genomefiles/UCSChg38.fa : chr # 0  "chr1" chrStart: 0
/home/sf040090/Li-2017-hFGC/genomefiles/UCSChg38.fa : chr # 1  "chr10" chrStart: 249036800
/home/sf040090/Li-2017-hFGC/genomefiles/UCSChg38.fa : chr # 2  "chr11" chrStart: 382992384
/home/sf040090/Li-2017-hFGC/genomefiles/UCSChg38.fa : chr # 3  "chr11_KI270721v1_random" chrStart: 518258688
/home/sf040090/Li-2017-hFGC/genomefiles/UCSChg38.fa : chr # 4  "chr12" chrStart: 518520832
/home/sf040090/Li-2017-hFGC/genomefiles/UCSChg38.fa : chr # 5  "chr13" chrStart: 651952128
/home/sf040090/Li-2017-hFGC/genomefiles/UCSChg38.fa : chr # 6  "chr14" chrStart: 766509056
/home/sf040090/Li-2017-hFGC/genomefiles/UCSChg38.fa : chr # 7  "chr14_GL000009v2_random" chrStart: 873725952
/home/sf040090/Li-2017-hFGC/genomefiles/UCSChg38.fa : chr # 8  "chr14_GL000225v1_random" chrStart: 873988096
/home/sf040090/Li-2017-hFGC/genomefiles/UCSChg38.fa : chr # 9  "chr14_KI270722v1_random" chrStart: 874250240
/home/sf040090/Li-2017-hFGC/genomefiles/UCSChg38.fa : chr # 10  "chr14_GL000194v1_random" chrStart: 874512384
/home/sf040090/Li-2017-hFGC/genomefiles/UCSChg38.fa : chr # 11  "chr14_KI270723v1_random" chrStart: 874774528
/home/sf040090/Li-2017-hFGC/genomefiles/UCSChg38.fa : chr # 12  "chr14_KI270724v1_random" chrStart: 875036672
/home/sf040090/Li-2017-hFGC/genomefiles/UCSChg38.fa : chr # 13  "chr14_KI270725v1_random" chrStart: 875298816
/home/sf040090/Li-2017-hFGC/genomefiles/UCSChg38.fa : chr # 14  "chr14_KI270726v1_random" chrStart: 875560960
/home/sf040090/Li-2017-hFGC/genomefiles/UCSChg38.fa : chr # 15  "chr15" chrStart: 875823104
/home/sf040090/Li-2017-hFGC/genomefiles/UCSChg38.fa : chr # 16  "chr15_KI270727v1_random" chrStart: 978059264
/home/sf040090/Li-2017-hFGC/genomefiles/UCSChg38.fa : chr # 17  "chr16" chrStart: 978583552
/home/sf040090/Li-2017-hFGC/genomefiles/UCSChg38.fa : chr # 18  "chr16_KI270728v1_random" chrStart: 1069023232
/home/sf040090/Li-2017-hFGC/genomefiles/UCSChg38.fa : chr # 19  "chr17" chrStart: 1071120384
/home/sf040090/Li-2017-hFGC/genomefiles/UCSChg38.fa : chr # 20  "chr17_GL000205v2_random" chrStart: 1154482176
/home/sf040090/Li-2017-hFGC/genomefiles/UCSChg38.fa : chr # 21  "chr17_KI270729v1_random" chrStart: 1154744320
/home/sf040090/Li-2017-hFGC/genomefiles/UCSChg38.fa : chr # 22  "chr17_KI270730v1_random" chrStart: 1155268608
/home/sf040090/Li-2017-hFGC/genomefiles/UCSChg38.fa : chr # 23  "chr18" chrStart: 1155530752
/home/sf040090/Li-2017-hFGC/genomefiles/UCSChg38.fa : chr # 24  "chr19" chrStart: 1236008960
/home/sf040090/Li-2017-hFGC/genomefiles/UCSChg38.fa : chr # 25  "chr1_KI270706v1_random" chrStart: 1294729216
/home/sf040090/Li-2017-hFGC/genomefiles/UCSChg38.fa : chr # 26  "chr1_KI270707v1_random" chrStart: 1294991360
/home/sf040090/Li-2017-hFGC/genomefiles/UCSChg38.fa : chr # 27  "chr1_KI270708v1_random" chrStart: 1295253504
/home/sf040090/Li-2017-hFGC/genomefiles/UCSChg38.fa : chr # 28  "chr1_KI270709v1_random" chrStart: 1295515648
/home/sf040090/Li-2017-hFGC/genomefiles/UCSChg38.fa : chr # 29  "chr1_KI270710v1_random" chrStart: 1295777792
/home/sf040090/Li-2017-hFGC/genomefiles/UCSChg38.fa : chr # 30  "chr1_KI270711v1_random" chrStart: 1296039936
/home/sf040090/Li-2017-hFGC/genomefiles/UCSChg38.fa : chr # 31  "chr1_KI270712v1_random" chrStart: 1296302080
/home/sf040090/Li-2017-hFGC/genomefiles/UCSChg38.fa : chr # 32  "chr1_KI270713v1_random" chrStart: 1296564224
/home/sf040090/Li-2017-hFGC/genomefiles/UCSChg38.fa : chr # 33  "chr1_KI270714v1_random" chrStart: 1296826368
/home/sf040090/Li-2017-hFGC/genomefiles/UCSChg38.fa : chr # 34  "chr2" chrStart: 1297088512
/home/sf040090/Li-2017-hFGC/genomefiles/UCSChg38.fa : chr # 35  "chr20" chrStart: 1539309568
/home/sf040090/Li-2017-hFGC/genomefiles/UCSChg38.fa : chr # 36  "chr21" chrStart: 1603796992
/home/sf040090/Li-2017-hFGC/genomefiles/UCSChg38.fa : chr # 37  "chr22" chrStart: 1650720768
/home/sf040090/Li-2017-hFGC/genomefiles/UCSChg38.fa : chr # 38  "chr22_KI270731v1_random" chrStart: 1701576704
/home/sf040090/Li-2017-hFGC/genomefiles/UCSChg38.fa : chr # 39  "chr22_KI270732v1_random" chrStart: 1701838848
/home/sf040090/Li-2017-hFGC/genomefiles/UCSChg38.fa : chr # 40  "chr22_KI270733v1_random" chrStart: 1702100992
/home/sf040090/Li-2017-hFGC/genomefiles/UCSChg38.fa : chr # 41  "chr22_KI270734v1_random" chrStart: 1702363136
/home/sf040090/Li-2017-hFGC/genomefiles/UCSChg38.fa : chr # 42  "chr22_KI270735v1_random" chrStart: 1702625280
/home/sf040090/Li-2017-hFGC/genomefiles/UCSChg38.fa : chr # 43  "chr22_KI270736v1_random" chrStart: 1702887424
/home/sf040090/Li-2017-hFGC/genomefiles/UCSChg38.fa : chr # 44  "chr22_KI270737v1_random" chrStart: 1703149568
/home/sf040090/Li-2017-hFGC/genomefiles/UCSChg38.fa : chr # 45  "chr22_KI270738v1_random" chrStart: 1703411712
/home/sf040090/Li-2017-hFGC/genomefiles/UCSChg38.fa : chr # 46  "chr22_KI270739v1_random" chrStart: 1703673856
/home/sf040090/Li-2017-hFGC/genomefiles/UCSChg38.fa : chr # 47  "chr2_KI270715v1_random" chrStart: 1703936000
/home/sf040090/Li-2017-hFGC/genomefiles/UCSChg38.fa : chr # 48  "chr2_KI270716v1_random" chrStart: 1704198144
/home/sf040090/Li-2017-hFGC/genomefiles/UCSChg38.fa : chr # 49  "chr3" chrStart: 1704460288
/home/sf040090/Li-2017-hFGC/genomefiles/UCSChg38.fa : chr # 50  "chr3_GL000221v1_random" chrStart: 1902903296
/home/sf040090/Li-2017-hFGC/genomefiles/UCSChg38.fa : chr # 51  "chr4" chrStart: 1903165440
/home/sf040090/Li-2017-hFGC/genomefiles/UCSChg38.fa : chr # 52  "chr4_GL000008v2_random" chrStart: 2093481984
/home/sf040090/Li-2017-hFGC/genomefiles/UCSChg38.fa : chr # 53  "chr5" chrStart: 2093744128
/home/sf040090/Li-2017-hFGC/genomefiles/UCSChg38.fa : chr # 54  "chr5_GL000208v1_random" chrStart: 2275409920
/home/sf040090/Li-2017-hFGC/genomefiles/UCSChg38.fa : chr # 55  "chr6" chrStart: 2275672064
/home/sf040090/Li-2017-hFGC/genomefiles/UCSChg38.fa : chr # 56  "chr7" chrStart: 2446589952
/home/sf040090/Li-2017-hFGC/genomefiles/UCSChg38.fa : chr # 57  "chr8" chrStart: 2605973504
/home/sf040090/Li-2017-hFGC/genomefiles/UCSChg38.fa : chr # 58  "chr9" chrStart: 2751201280
/home/sf040090/Li-2017-hFGC/genomefiles/UCSChg38.fa : chr # 59  "chr9_KI270717v1_random" chrStart: 2889613312
/home/sf040090/Li-2017-hFGC/genomefiles/UCSChg38.fa : chr # 60  "chr9_KI270718v1_random" chrStart: 2889875456
/home/sf040090/Li-2017-hFGC/genomefiles/UCSChg38.fa : chr # 61  "chr9_KI270719v1_random" chrStart: 2890137600
/home/sf040090/Li-2017-hFGC/genomefiles/UCSChg38.fa : chr # 62  "chr9_KI270720v1_random" chrStart: 2890399744
/home/sf040090/Li-2017-hFGC/genomefiles/UCSChg38.fa : chr # 63  "chr1_KI270762v1_alt" chrStart: 2890661888
/home/sf040090/Li-2017-hFGC/genomefiles/UCSChg38.fa : chr # 64  "chr1_KI270766v1_alt" chrStart: 2891186176
/home/sf040090/Li-2017-hFGC/genomefiles/UCSChg38.fa : chr # 65  "chr1_KI270760v1_alt" chrStart: 2891448320
/home/sf040090/Li-2017-hFGC/genomefiles/UCSChg38.fa : chr # 66  "chr1_KI270765v1_alt" chrStart: 2891710464
/home/sf040090/Li-2017-hFGC/genomefiles/UCSChg38.fa : chr # 67  "chr1_GL383518v1_alt" chrStart: 2891972608
/home/sf040090/Li-2017-hFGC/genomefiles/UCSChg38.fa : chr # 68  "chr1_GL383519v1_alt" chrStart: 2892234752
/home/sf040090/Li-2017-hFGC/genomefiles/UCSChg38.fa : chr # 69  "chr1_GL383520v2_alt" chrStart: 2892496896
/home/sf040090/Li-2017-hFGC/genomefiles/UCSChg38.fa : chr # 70  "chr1_KI270764v1_alt" chrStart: 2893021184
/home/sf040090/Li-2017-hFGC/genomefiles/UCSChg38.fa : chr # 71  "chr1_KI270763v1_alt" chrStart: 2893283328
/home/sf040090/Li-2017-hFGC/genomefiles/UCSChg38.fa : chr # 72  "chr1_KI270759v1_alt" chrStart: 2894331904
/home/sf040090/Li-2017-hFGC/genomefiles/UCSChg38.fa : chr # 73  "chr1_KI270761v1_alt" chrStart: 2894856192
/home/sf040090/Li-2017-hFGC/genomefiles/UCSChg38.fa : chr # 74  "chr2_KI270770v1_alt" chrStart: 2895118336
/home/sf040090/Li-2017-hFGC/genomefiles/UCSChg38.fa : chr # 75  "chr2_KI270773v1_alt" chrStart: 2895380480
/home/sf040090/Li-2017-hFGC/genomefiles/UCSChg38.fa : chr # 76  "chr2_KI270774v1_alt" chrStart: 2895642624
/home/sf040090/Li-2017-hFGC/genomefiles/UCSChg38.fa : chr # 77  "chr2_KI270769v1_alt" chrStart: 2895904768
/home/sf040090/Li-2017-hFGC/genomefiles/UCSChg38.fa : chr # 78  "chr2_GL383521v1_alt" chrStart: 2896166912
/home/sf040090/Li-2017-hFGC/genomefiles/UCSChg38.fa : chr # 79  "chr2_KI270772v1_alt" chrStart: 2896429056
/home/sf040090/Li-2017-hFGC/genomefiles/UCSChg38.fa : chr # 80  "chr2_KI270775v1_alt" chrStart: 2896691200
/home/sf040090/Li-2017-hFGC/genomefiles/UCSChg38.fa : chr # 81  "chr2_KI270771v1_alt" chrStart: 2896953344
/home/sf040090/Li-2017-hFGC/genomefiles/UCSChg38.fa : chr # 82  "chr2_KI270768v1_alt" chrStart: 2897215488
/home/sf040090/Li-2017-hFGC/genomefiles/UCSChg38.fa : chr # 83  "chr2_GL582966v2_alt" chrStart: 2897477632
/home/sf040090/Li-2017-hFGC/genomefiles/UCSChg38.fa : chr # 84  "chr2_GL383522v1_alt" chrStart: 2897739776
/home/sf040090/Li-2017-hFGC/genomefiles/UCSChg38.fa : chr # 85  "chr2_KI270776v1_alt" chrStart: 2898001920
/home/sf040090/Li-2017-hFGC/genomefiles/UCSChg38.fa : chr # 86  "chr2_KI270767v1_alt" chrStart: 2898264064
/home/sf040090/Li-2017-hFGC/genomefiles/UCSChg38.fa : chr # 87  "chr3_JH636055v2_alt" chrStart: 2898526208
/home/sf040090/Li-2017-hFGC/genomefiles/UCSChg38.fa : chr # 88  "chr3_KI270783v1_alt" chrStart: 2898788352
/home/sf040090/Li-2017-hFGC/genomefiles/UCSChg38.fa : chr # 89  "chr3_KI270780v1_alt" chrStart: 2899050496
/home/sf040090/Li-2017-hFGC/genomefiles/UCSChg38.fa : chr # 90  "chr3_GL383526v1_alt" chrStart: 2899312640
/home/sf040090/Li-2017-hFGC/genomefiles/UCSChg38.fa : chr # 91  "chr3_KI270777v1_alt" chrStart: 2899574784
/home/sf040090/Li-2017-hFGC/genomefiles/UCSChg38.fa : chr # 92  "chr3_KI270778v1_alt" chrStart: 2899836928
/home/sf040090/Li-2017-hFGC/genomefiles/UCSChg38.fa : chr # 93  "chr3_KI270781v1_alt" chrStart: 2900099072
/home/sf040090/Li-2017-hFGC/genomefiles/UCSChg38.fa : chr # 94  "chr3_KI270779v1_alt" chrStart: 2900361216
/home/sf040090/Li-2017-hFGC/genomefiles/UCSChg38.fa : chr # 95  "chr3_KI270782v1_alt" chrStart: 2900623360
/home/sf040090/Li-2017-hFGC/genomefiles/UCSChg38.fa : chr # 96  "chr3_KI270784v1_alt" chrStart: 2900885504
/home/sf040090/Li-2017-hFGC/genomefiles/UCSChg38.fa : chr # 97  "chr4_KI270790v1_alt" chrStart: 2901147648
/home/sf040090/Li-2017-hFGC/genomefiles/UCSChg38.fa : chr # 98  "chr4_GL383528v1_alt" chrStart: 2901409792
/home/sf040090/Li-2017-hFGC/genomefiles/UCSChg38.fa : chr # 99  "chr4_KI270787v1_alt" chrStart: 2901934080
/home/sf040090/Li-2017-hFGC/genomefiles/UCSChg38.fa : chr # 100  "chr4_GL000257v2_alt" chrStart: 2902196224
/home/sf040090/Li-2017-hFGC/genomefiles/UCSChg38.fa : chr # 101  "chr4_KI270788v1_alt" chrStart: 2902982656
/home/sf040090/Li-2017-hFGC/genomefiles/UCSChg38.fa : chr # 102  "chr4_GL383527v1_alt" chrStart: 2903244800
/home/sf040090/Li-2017-hFGC/genomefiles/UCSChg38.fa : chr # 103  "chr4_KI270785v1_alt" chrStart: 2903506944
/home/sf040090/Li-2017-hFGC/genomefiles/UCSChg38.fa : chr # 104  "chr4_KI270789v1_alt" chrStart: 2903769088
/home/sf040090/Li-2017-hFGC/genomefiles/UCSChg38.fa : chr # 105  "chr4_KI270786v1_alt" chrStart: 2904031232
/home/sf040090/Li-2017-hFGC/genomefiles/UCSChg38.fa : chr # 106  "chr5_KI270793v1_alt" chrStart: 2904293376
/home/sf040090/Li-2017-hFGC/genomefiles/UCSChg38.fa : chr # 107  "chr5_KI270792v1_alt" chrStart: 2904555520
/home/sf040090/Li-2017-hFGC/genomefiles/UCSChg38.fa : chr # 108  "chr5_KI270791v1_alt" chrStart: 2904817664
/home/sf040090/Li-2017-hFGC/genomefiles/UCSChg38.fa : chr # 109  "chr5_GL383532v1_alt" chrStart: 2905079808
/home/sf040090/Li-2017-hFGC/genomefiles/UCSChg38.fa : chr # 110  "chr5_GL949742v1_alt" chrStart: 2905341952
/home/sf040090/Li-2017-hFGC/genomefiles/UCSChg38.fa : chr # 111  "chr5_KI270794v1_alt" chrStart: 2905604096
/home/sf040090/Li-2017-hFGC/genomefiles/UCSChg38.fa : chr # 112  "chr5_GL339449v2_alt" chrStart: 2905866240
/home/sf040090/Li-2017-hFGC/genomefiles/UCSChg38.fa : chr # 113  "chr5_GL383530v1_alt" chrStart: 2907701248
/home/sf040090/Li-2017-hFGC/genomefiles/UCSChg38.fa : chr # 114  "chr5_KI270796v1_alt" chrStart: 2907963392
/home/sf040090/Li-2017-hFGC/genomefiles/UCSChg38.fa : chr # 115  "chr5_GL383531v1_alt" chrStart: 2908225536
/home/sf040090/Li-2017-hFGC/genomefiles/UCSChg38.fa : chr # 116  "chr5_KI270795v1_alt" chrStart: 2908487680
/home/sf040090/Li-2017-hFGC/genomefiles/UCSChg38.fa : chr # 117  "chr6_GL000250v2_alt" chrStart: 2908749824
/home/sf040090/Li-2017-hFGC/genomefiles/UCSChg38.fa : chr # 118  "chr6_KI270800v1_alt" chrStart: 2913468416
/home/sf040090/Li-2017-hFGC/genomefiles/UCSChg38.fa : chr # 119  "chr6_KI270799v1_alt" chrStart: 2913730560
/home/sf040090/Li-2017-hFGC/genomefiles/UCSChg38.fa : chr # 120  "chr6_GL383533v1_alt" chrStart: 2913992704
/home/sf040090/Li-2017-hFGC/genomefiles/UCSChg38.fa : chr # 121  "chr6_KI270801v1_alt" chrStart: 2914254848
/home/sf040090/Li-2017-hFGC/genomefiles/UCSChg38.fa : chr # 122  "chr6_KI270802v1_alt" chrStart: 2915303424
/home/sf040090/Li-2017-hFGC/genomefiles/UCSChg38.fa : chr # 123  "chr6_KB021644v2_alt" chrStart: 2915565568
/home/sf040090/Li-2017-hFGC/genomefiles/UCSChg38.fa : chr # 124  "chr6_KI270797v1_alt" chrStart: 2915827712
/home/sf040090/Li-2017-hFGC/genomefiles/UCSChg38.fa : chr # 125  "chr6_KI270798v1_alt" chrStart: 2916089856
/home/sf040090/Li-2017-hFGC/genomefiles/UCSChg38.fa : chr # 126  "chr7_KI270804v1_alt" chrStart: 2916614144
/home/sf040090/Li-2017-hFGC/genomefiles/UCSChg38.fa : chr # 127  "chr7_KI270809v1_alt" chrStart: 2916876288
/home/sf040090/Li-2017-hFGC/genomefiles/UCSChg38.fa : chr # 128  "chr7_KI270806v1_alt" chrStart: 2917138432
/home/sf040090/Li-2017-hFGC/genomefiles/UCSChg38.fa : chr # 129  "chr7_GL383534v2_alt" chrStart: 2917400576
/home/sf040090/Li-2017-hFGC/genomefiles/UCSChg38.fa : chr # 130  "chr7_KI270803v1_alt" chrStart: 2917662720
/home/sf040090/Li-2017-hFGC/genomefiles/UCSChg38.fa : chr # 131  "chr7_KI270808v1_alt" chrStart: 2918973440
/home/sf040090/Li-2017-hFGC/genomefiles/UCSChg38.fa : chr # 132  "chr7_KI270807v1_alt" chrStart: 2919497728
/home/sf040090/Li-2017-hFGC/genomefiles/UCSChg38.fa : chr # 133  "chr7_KI270805v1_alt" chrStart: 2919759872
/home/sf040090/Li-2017-hFGC/genomefiles/UCSChg38.fa : chr # 134  "chr8_KI270818v1_alt" chrStart: 2920022016
/home/sf040090/Li-2017-hFGC/genomefiles/UCSChg38.fa : chr # 135  "chr8_KI270812v1_alt" chrStart: 2920284160
/home/sf040090/Li-2017-hFGC/genomefiles/UCSChg38.fa : chr # 136  "chr8_KI270811v1_alt" chrStart: 2920808448
/home/sf040090/Li-2017-hFGC/genomefiles/UCSChg38.fa : chr # 137  "chr8_KI270821v1_alt" chrStart: 2921332736
/home/sf040090/Li-2017-hFGC/genomefiles/UCSChg38.fa : chr # 138  "chr8_KI270813v1_alt" chrStart: 2922381312
/home/sf040090/Li-2017-hFGC/genomefiles/UCSChg38.fa : chr # 139  "chr8_KI270822v1_alt" chrStart: 2922905600
/home/sf040090/Li-2017-hFGC/genomefiles/UCSChg38.fa : chr # 140  "chr8_KI270814v1_alt" chrStart: 2923692032
/home/sf040090/Li-2017-hFGC/genomefiles/UCSChg38.fa : chr # 141  "chr8_KI270810v1_alt" chrStart: 2923954176
/home/sf040090/Li-2017-hFGC/genomefiles/UCSChg38.fa : chr # 142  "chr8_KI270819v1_alt" chrStart: 2924478464
/home/sf040090/Li-2017-hFGC/genomefiles/UCSChg38.fa : chr # 143  "chr8_KI270820v1_alt" chrStart: 2924740608
/home/sf040090/Li-2017-hFGC/genomefiles/UCSChg38.fa : chr # 144  "chr8_KI270817v1_alt" chrStart: 2925002752
/home/sf040090/Li-2017-hFGC/genomefiles/UCSChg38.fa : chr # 145  "chr8_KI270816v1_alt" chrStart: 2925264896
/home/sf040090/Li-2017-hFGC/genomefiles/UCSChg38.fa : chr # 146  "chr8_KI270815v1_alt" chrStart: 2925789184
/home/sf040090/Li-2017-hFGC/genomefiles/UCSChg38.fa : chr # 147  "chr9_GL383539v1_alt" chrStart: 2926051328
/home/sf040090/Li-2017-hFGC/genomefiles/UCSChg38.fa : chr # 148  "chr9_GL383540v1_alt" chrStart: 2926313472
/home/sf040090/Li-2017-hFGC/genomefiles/UCSChg38.fa : chr # 149  "chr9_GL383541v1_alt" chrStart: 2926575616
/home/sf040090/Li-2017-hFGC/genomefiles/UCSChg38.fa : chr # 150  "chr9_GL383542v1_alt" chrStart: 2926837760
/home/sf040090/Li-2017-hFGC/genomefiles/UCSChg38.fa : chr # 151  "chr9_KI270823v1_alt" chrStart: 2927099904
/home/sf040090/Li-2017-hFGC/genomefiles/UCSChg38.fa : chr # 152  "chr10_GL383545v1_alt" chrStart: 2927624192
/home/sf040090/Li-2017-hFGC/genomefiles/UCSChg38.fa : chr # 153  "chr10_KI270824v1_alt" chrStart: 2927886336
/home/sf040090/Li-2017-hFGC/genomefiles/UCSChg38.fa : chr # 154  "chr10_GL383546v1_alt" chrStart: 2928148480
/home/sf040090/Li-2017-hFGC/genomefiles/UCSChg38.fa : chr # 155  "chr10_KI270825v1_alt" chrStart: 2928672768
/home/sf040090/Li-2017-hFGC/genomefiles/UCSChg38.fa : chr # 156  "chr11_KI270832v1_alt" chrStart: 2928934912
/home/sf040090/Li-2017-hFGC/genomefiles/UCSChg38.fa : chr # 157  "chr11_KI270830v1_alt" chrStart: 2929197056
/home/sf040090/Li-2017-hFGC/genomefiles/UCSChg38.fa : chr # 158  "chr11_KI270831v1_alt" chrStart: 2929459200
/home/sf040090/Li-2017-hFGC/genomefiles/UCSChg38.fa : chr # 159  "chr11_KI270829v1_alt" chrStart: 2929983488
/home/sf040090/Li-2017-hFGC/genomefiles/UCSChg38.fa : chr # 160  "chr11_GL383547v1_alt" chrStart: 2930245632
/home/sf040090/Li-2017-hFGC/genomefiles/UCSChg38.fa : chr # 161  "chr11_JH159136v1_alt" chrStart: 2930507776
/home/sf040090/Li-2017-hFGC/genomefiles/UCSChg38.fa : chr # 162  "chr11_JH159137v1_alt" chrStart: 2930769920
/home/sf040090/Li-2017-hFGC/genomefiles/UCSChg38.fa : chr # 163  "chr11_KI270827v1_alt" chrStart: 2931032064
/home/sf040090/Li-2017-hFGC/genomefiles/UCSChg38.fa : chr # 164  "chr11_KI270826v1_alt" chrStart: 2931294208
/home/sf040090/Li-2017-hFGC/genomefiles/UCSChg38.fa : chr # 165  "chr12_GL877875v1_alt" chrStart: 2931556352
/home/sf040090/Li-2017-hFGC/genomefiles/UCSChg38.fa : chr # 166  "chr12_GL877876v1_alt" chrStart: 2931818496
/home/sf040090/Li-2017-hFGC/genomefiles/UCSChg38.fa : chr # 167  "chr12_KI270837v1_alt" chrStart: 2932342784
/home/sf040090/Li-2017-hFGC/genomefiles/UCSChg38.fa : chr # 168  "chr12_GL383549v1_alt" chrStart: 2932604928
/home/sf040090/Li-2017-hFGC/genomefiles/UCSChg38.fa : chr # 169  "chr12_KI270835v1_alt" chrStart: 2932867072
/home/sf040090/Li-2017-hFGC/genomefiles/UCSChg38.fa : chr # 170  "chr12_GL383550v2_alt" chrStart: 2933129216
/home/sf040090/Li-2017-hFGC/genomefiles/UCSChg38.fa : chr # 171  "chr12_GL383552v1_alt" chrStart: 2933391360
/home/sf040090/Li-2017-hFGC/genomefiles/UCSChg38.fa : chr # 172  "chr12_GL383553v2_alt" chrStart: 2933653504
/home/sf040090/Li-2017-hFGC/genomefiles/UCSChg38.fa : chr # 173  "chr12_KI270834v1_alt" chrStart: 2933915648
/home/sf040090/Li-2017-hFGC/genomefiles/UCSChg38.fa : chr # 174  "chr12_GL383551v1_alt" chrStart: 2934177792
/home/sf040090/Li-2017-hFGC/genomefiles/UCSChg38.fa : chr # 175  "chr12_KI270833v1_alt" chrStart: 2934439936
/home/sf040090/Li-2017-hFGC/genomefiles/UCSChg38.fa : chr # 176  "chr12_KI270836v1_alt" chrStart: 2934702080
/home/sf040090/Li-2017-hFGC/genomefiles/UCSChg38.fa : chr # 177  "chr13_KI270840v1_alt" chrStart: 2934964224
/home/sf040090/Li-2017-hFGC/genomefiles/UCSChg38.fa : chr # 178  "chr13_KI270839v1_alt" chrStart: 2935226368
/home/sf040090/Li-2017-hFGC/genomefiles/UCSChg38.fa : chr # 179  "chr13_KI270843v1_alt" chrStart: 2935488512
/home/sf040090/Li-2017-hFGC/genomefiles/UCSChg38.fa : chr # 180  "chr13_KI270841v1_alt" chrStart: 2935750656
/home/sf040090/Li-2017-hFGC/genomefiles/UCSChg38.fa : chr # 181  "chr13_KI270838v1_alt" chrStart: 2936012800
/home/sf040090/Li-2017-hFGC/genomefiles/UCSChg38.fa : chr # 182  "chr13_KI270842v1_alt" chrStart: 2936537088
/home/sf040090/Li-2017-hFGC/genomefiles/UCSChg38.fa : chr # 183  "chr14_KI270844v1_alt" chrStart: 2936799232
/home/sf040090/Li-2017-hFGC/genomefiles/UCSChg38.fa : chr # 184  "chr14_KI270847v1_alt" chrStart: 2937323520
/home/sf040090/Li-2017-hFGC/genomefiles/UCSChg38.fa : chr # 185  "chr14_KI270845v1_alt" chrStart: 2938896384
/home/sf040090/Li-2017-hFGC/genomefiles/UCSChg38.fa : chr # 186  "chr14_KI270846v1_alt" chrStart: 2939158528
/home/sf040090/Li-2017-hFGC/genomefiles/UCSChg38.fa : chr # 187  "chr15_KI270852v1_alt" chrStart: 2940731392
/home/sf040090/Li-2017-hFGC/genomefiles/UCSChg38.fa : chr # 188  "chr15_KI270851v1_alt" chrStart: 2941255680
/home/sf040090/Li-2017-hFGC/genomefiles/UCSChg38.fa : chr # 189  "chr15_KI270848v1_alt" chrStart: 2941779968
/home/sf040090/Li-2017-hFGC/genomefiles/UCSChg38.fa : chr # 190  "chr15_GL383554v1_alt" chrStart: 2942304256
/home/sf040090/Li-2017-hFGC/genomefiles/UCSChg38.fa : chr # 191  "chr15_KI270849v1_alt" chrStart: 2942828544
/home/sf040090/Li-2017-hFGC/genomefiles/UCSChg38.fa : chr # 192  "chr15_GL383555v2_alt" chrStart: 2943090688
/home/sf040090/Li-2017-hFGC/genomefiles/UCSChg38.fa : chr # 193  "chr15_KI270850v1_alt" chrStart: 2943614976
/home/sf040090/Li-2017-hFGC/genomefiles/UCSChg38.fa : chr # 194  "chr16_KI270854v1_alt" chrStart: 2944139264
/home/sf040090/Li-2017-hFGC/genomefiles/UCSChg38.fa : chr # 195  "chr16_KI270856v1_alt" chrStart: 2944401408
/home/sf040090/Li-2017-hFGC/genomefiles/UCSChg38.fa : chr # 196  "chr16_KI270855v1_alt" chrStart: 2944663552
/home/sf040090/Li-2017-hFGC/genomefiles/UCSChg38.fa : chr # 197  "chr16_KI270853v1_alt" chrStart: 2944925696
/home/sf040090/Li-2017-hFGC/genomefiles/UCSChg38.fa : chr # 198  "chr16_GL383556v1_alt" chrStart: 2947809280
/home/sf040090/Li-2017-hFGC/genomefiles/UCSChg38.fa : chr # 199  "chr16_GL383557v1_alt" chrStart: 2948071424
/home/sf040090/Li-2017-hFGC/genomefiles/UCSChg38.fa : chr # 200  "chr17_GL383563v3_alt" chrStart: 2948333568
/home/sf040090/Li-2017-hFGC/genomefiles/UCSChg38.fa : chr # 201  "chr17_KI270862v1_alt" chrStart: 2948857856
/home/sf040090/Li-2017-hFGC/genomefiles/UCSChg38.fa : chr # 202  "chr17_KI270861v1_alt" chrStart: 2949382144
/home/sf040090/Li-2017-hFGC/genomefiles/UCSChg38.fa : chr # 203  "chr17_KI270857v1_alt" chrStart: 2949644288
/home/sf040090/Li-2017-hFGC/genomefiles/UCSChg38.fa : chr # 204  "chr17_JH159146v1_alt" chrStart: 2952527872
/home/sf040090/Li-2017-hFGC/genomefiles/UCSChg38.fa : chr # 205  "chr17_JH159147v1_alt" chrStart: 2953052160
/home/sf040090/Li-2017-hFGC/genomefiles/UCSChg38.fa : chr # 206  "chr17_GL383564v2_alt" chrStart: 2953314304
/home/sf040090/Li-2017-hFGC/genomefiles/UCSChg38.fa : chr # 207  "chr17_GL000258v2_alt" chrStart: 2953576448
/home/sf040090/Li-2017-hFGC/genomefiles/UCSChg38.fa : chr # 208  "chr17_GL383565v1_alt" chrStart: 2955411456
/home/sf040090/Li-2017-hFGC/genomefiles/UCSChg38.fa : chr # 209  "chr17_KI270858v1_alt" chrStart: 2955673600
/home/sf040090/Li-2017-hFGC/genomefiles/UCSChg38.fa : chr # 210  "chr17_KI270859v1_alt" chrStart: 2955935744
/home/sf040090/Li-2017-hFGC/genomefiles/UCSChg38.fa : chr # 211  "chr17_GL383566v1_alt" chrStart: 2956197888
/home/sf040090/Li-2017-hFGC/genomefiles/UCSChg38.fa : chr # 212  "chr17_KI270860v1_alt" chrStart: 2956460032
/home/sf040090/Li-2017-hFGC/genomefiles/UCSChg38.fa : chr # 213  "chr18_KI270864v1_alt" chrStart: 2956722176
/home/sf040090/Li-2017-hFGC/genomefiles/UCSChg38.fa : chr # 214  "chr18_GL383567v1_alt" chrStart: 2956984320
/home/sf040090/Li-2017-hFGC/genomefiles/UCSChg38.fa : chr # 215  "chr18_GL383570v1_alt" chrStart: 2957508608
/home/sf040090/Li-2017-hFGC/genomefiles/UCSChg38.fa : chr # 216  "chr18_GL383571v1_alt" chrStart: 2957770752
/home/sf040090/Li-2017-hFGC/genomefiles/UCSChg38.fa : chr # 217  "chr18_GL383568v1_alt" chrStart: 2958032896
/home/sf040090/Li-2017-hFGC/genomefiles/UCSChg38.fa : chr # 218  "chr18_GL383569v1_alt" chrStart: 2958295040
/home/sf040090/Li-2017-hFGC/genomefiles/UCSChg38.fa : chr # 219  "chr18_GL383572v1_alt" chrStart: 2958557184
/home/sf040090/Li-2017-hFGC/genomefiles/UCSChg38.fa : chr # 220  "chr18_KI270863v1_alt" chrStart: 2958819328
/home/sf040090/Li-2017-hFGC/genomefiles/UCSChg38.fa : chr # 221  "chr19_KI270868v1_alt" chrStart: 2959081472
/home/sf040090/Li-2017-hFGC/genomefiles/UCSChg38.fa : chr # 222  "chr19_KI270865v1_alt" chrStart: 2959343616
/home/sf040090/Li-2017-hFGC/genomefiles/UCSChg38.fa : chr # 223  "chr19_GL383573v1_alt" chrStart: 2959605760
/home/sf040090/Li-2017-hFGC/genomefiles/UCSChg38.fa : chr # 224  "chr19_GL383575v2_alt" chrStart: 2960130048
/home/sf040090/Li-2017-hFGC/genomefiles/UCSChg38.fa : chr # 225  "chr19_GL383576v1_alt" chrStart: 2960392192
/home/sf040090/Li-2017-hFGC/genomefiles/UCSChg38.fa : chr # 226  "chr19_GL383574v1_alt" chrStart: 2960654336
/home/sf040090/Li-2017-hFGC/genomefiles/UCSChg38.fa : chr # 227  "chr19_KI270866v1_alt" chrStart: 2960916480
/home/sf040090/Li-2017-hFGC/genomefiles/UCSChg38.fa : chr # 228  "chr19_KI270867v1_alt" chrStart: 2961178624
/home/sf040090/Li-2017-hFGC/genomefiles/UCSChg38.fa : chr # 229  "chr19_GL949746v1_alt" chrStart: 2961440768
/home/sf040090/Li-2017-hFGC/genomefiles/UCSChg38.fa : chr # 230  "chr20_GL383577v2_alt" chrStart: 2962489344
/home/sf040090/Li-2017-hFGC/genomefiles/UCSChg38.fa : chr # 231  "chr20_KI270869v1_alt" chrStart: 2962751488
/home/sf040090/Li-2017-hFGC/genomefiles/UCSChg38.fa : chr # 232  "chr20_KI270871v1_alt" chrStart: 2963013632
/home/sf040090/Li-2017-hFGC/genomefiles/UCSChg38.fa : chr # 233  "chr20_KI270870v1_alt" chrStart: 2963275776
/home/sf040090/Li-2017-hFGC/genomefiles/UCSChg38.fa : chr # 234  "chr21_GL383578v2_alt" chrStart: 2963537920
/home/sf040090/Li-2017-hFGC/genomefiles/UCSChg38.fa : chr # 235  "chr21_KI270874v1_alt" chrStart: 2963800064
/home/sf040090/Li-2017-hFGC/genomefiles/UCSChg38.fa : chr # 236  "chr21_KI270873v1_alt" chrStart: 2964062208
/home/sf040090/Li-2017-hFGC/genomefiles/UCSChg38.fa : chr # 237  "chr21_GL383579v2_alt" chrStart: 2964324352
/home/sf040090/Li-2017-hFGC/genomefiles/UCSChg38.fa : chr # 238  "chr21_GL383580v2_alt" chrStart: 2964586496
/home/sf040090/Li-2017-hFGC/genomefiles/UCSChg38.fa : chr # 239  "chr21_GL383581v2_alt" chrStart: 2964848640
/home/sf040090/Li-2017-hFGC/genomefiles/UCSChg38.fa : chr # 240  "chr21_KI270872v1_alt" chrStart: 2965110784
/home/sf040090/Li-2017-hFGC/genomefiles/UCSChg38.fa : chr # 241  "chr22_KI270875v1_alt" chrStart: 2965372928
/home/sf040090/Li-2017-hFGC/genomefiles/UCSChg38.fa : chr # 242  "chr22_KI270878v1_alt" chrStart: 2965635072
/home/sf040090/Li-2017-hFGC/genomefiles/UCSChg38.fa : chr # 243  "chr22_KI270879v1_alt" chrStart: 2965897216
/home/sf040090/Li-2017-hFGC/genomefiles/UCSChg38.fa : chr # 244  "chr22_KI270876v1_alt" chrStart: 2966421504
/home/sf040090/Li-2017-hFGC/genomefiles/UCSChg38.fa : chr # 245  "chr22_KI270877v1_alt" chrStart: 2966945792
/home/sf040090/Li-2017-hFGC/genomefiles/UCSChg38.fa : chr # 246  "chr22_GL383583v2_alt" chrStart: 2967207936
/home/sf040090/Li-2017-hFGC/genomefiles/UCSChg38.fa : chr # 247  "chr22_GL383582v2_alt" chrStart: 2967470080
/home/sf040090/Li-2017-hFGC/genomefiles/UCSChg38.fa : chr # 248  "chrX_KI270880v1_alt" chrStart: 2967732224
/home/sf040090/Li-2017-hFGC/genomefiles/UCSChg38.fa : chr # 249  "chrX_KI270881v1_alt" chrStart: 2968256512
/home/sf040090/Li-2017-hFGC/genomefiles/UCSChg38.fa : chr # 250  "chr19_KI270882v1_alt" chrStart: 2968518656
/home/sf040090/Li-2017-hFGC/genomefiles/UCSChg38.fa : chr # 251  "chr19_KI270883v1_alt" chrStart: 2968780800
/home/sf040090/Li-2017-hFGC/genomefiles/UCSChg38.fa : chr # 252  "chr19_KI270884v1_alt" chrStart: 2969042944
/home/sf040090/Li-2017-hFGC/genomefiles/UCSChg38.fa : chr # 253  "chr19_KI270885v1_alt" chrStart: 2969305088
/home/sf040090/Li-2017-hFGC/genomefiles/UCSChg38.fa : chr # 254  "chr19_KI270886v1_alt" chrStart: 2969567232
/home/sf040090/Li-2017-hFGC/genomefiles/UCSChg38.fa : chr # 255  "chr19_KI270887v1_alt" chrStart: 2969829376
/home/sf040090/Li-2017-hFGC/genomefiles/UCSChg38.fa : chr # 256  "chr19_KI270888v1_alt" chrStart: 2970091520
/home/sf040090/Li-2017-hFGC/genomefiles/UCSChg38.fa : chr # 257  "chr19_KI270889v1_alt" chrStart: 2970353664
/home/sf040090/Li-2017-hFGC/genomefiles/UCSChg38.fa : chr # 258  "chr19_KI270890v1_alt" chrStart: 2970615808
/home/sf040090/Li-2017-hFGC/genomefiles/UCSChg38.fa : chr # 259  "chr19_KI270891v1_alt" chrStart: 2970877952
/home/sf040090/Li-2017-hFGC/genomefiles/UCSChg38.fa : chr # 260  "chr1_KI270892v1_alt" chrStart: 2971140096
/home/sf040090/Li-2017-hFGC/genomefiles/UCSChg38.fa : chr # 261  "chr2_KI270894v1_alt" chrStart: 2971402240
/home/sf040090/Li-2017-hFGC/genomefiles/UCSChg38.fa : chr # 262  "chr2_KI270893v1_alt" chrStart: 2971664384
/home/sf040090/Li-2017-hFGC/genomefiles/UCSChg38.fa : chr # 263  "chr3_KI270895v1_alt" chrStart: 2971926528
/home/sf040090/Li-2017-hFGC/genomefiles/UCSChg38.fa : chr # 264  "chr4_KI270896v1_alt" chrStart: 2972188672
/home/sf040090/Li-2017-hFGC/genomefiles/UCSChg38.fa : chr # 265  "chr5_KI270897v1_alt" chrStart: 2972712960
/home/sf040090/Li-2017-hFGC/genomefiles/UCSChg38.fa : chr # 266  "chr5_KI270898v1_alt" chrStart: 2974023680
/home/sf040090/Li-2017-hFGC/genomefiles/UCSChg38.fa : chr # 267  "chr6_GL000251v2_alt" chrStart: 2974285824
/home/sf040090/Li-2017-hFGC/genomefiles/UCSChg38.fa : chr # 268  "chr7_KI270899v1_alt" chrStart: 2979266560
/home/sf040090/Li-2017-hFGC/genomefiles/UCSChg38.fa : chr # 269  "chr8_KI270901v1_alt" chrStart: 2979528704
/home/sf040090/Li-2017-hFGC/genomefiles/UCSChg38.fa : chr # 270  "chr8_KI270900v1_alt" chrStart: 2979790848
/home/sf040090/Li-2017-hFGC/genomefiles/UCSChg38.fa : chr # 271  "chr11_KI270902v1_alt" chrStart: 2980315136
/home/sf040090/Li-2017-hFGC/genomefiles/UCSChg38.fa : chr # 272  "chr11_KI270903v1_alt" chrStart: 2980577280
/home/sf040090/Li-2017-hFGC/genomefiles/UCSChg38.fa : chr # 273  "chr12_KI270904v1_alt" chrStart: 2980839424
/home/sf040090/Li-2017-hFGC/genomefiles/UCSChg38.fa : chr # 274  "chr15_KI270906v1_alt" chrStart: 2981625856
/home/sf040090/Li-2017-hFGC/genomefiles/UCSChg38.fa : chr # 275  "chr15_KI270905v1_alt" chrStart: 2981888000
/home/sf040090/Li-2017-hFGC/genomefiles/UCSChg38.fa : chr # 276  "chr17_KI270907v1_alt" chrStart: 2987130880
/home/sf040090/Li-2017-hFGC/genomefiles/UCSChg38.fa : chr # 277  "chr17_KI270910v1_alt" chrStart: 2987393024
/home/sf040090/Li-2017-hFGC/genomefiles/UCSChg38.fa : chr # 278  "chr17_KI270909v1_alt" chrStart: 2987655168
/home/sf040090/Li-2017-hFGC/genomefiles/UCSChg38.fa : chr # 279  "chr17_JH159148v1_alt" chrStart: 2988179456
/home/sf040090/Li-2017-hFGC/genomefiles/UCSChg38.fa : chr # 280  "chr17_KI270908v1_alt" chrStart: 2988441600
/home/sf040090/Li-2017-hFGC/genomefiles/UCSChg38.fa : chr # 281  "chr18_KI270912v1_alt" chrStart: 2990014464
/home/sf040090/Li-2017-hFGC/genomefiles/UCSChg38.fa : chr # 282  "chr18_KI270911v1_alt" chrStart: 2990276608
/home/sf040090/Li-2017-hFGC/genomefiles/UCSChg38.fa : chr # 283  "chr19_GL949747v2_alt" chrStart: 2990538752
/home/sf040090/Li-2017-hFGC/genomefiles/UCSChg38.fa : chr # 284  "chr22_KB663609v1_alt" chrStart: 2991325184
/home/sf040090/Li-2017-hFGC/genomefiles/UCSChg38.fa : chr # 285  "chrX_KI270913v1_alt" chrStart: 2991587328
/home/sf040090/Li-2017-hFGC/genomefiles/UCSChg38.fa : chr # 286  "chr19_KI270914v1_alt" chrStart: 2992111616
/home/sf040090/Li-2017-hFGC/genomefiles/UCSChg38.fa : chr # 287  "chr19_KI270915v1_alt" chrStart: 2992373760
/home/sf040090/Li-2017-hFGC/genomefiles/UCSChg38.fa : chr # 288  "chr19_KI270916v1_alt" chrStart: 2992635904
/home/sf040090/Li-2017-hFGC/genomefiles/UCSChg38.fa : chr # 289  "chr19_KI270917v1_alt" chrStart: 2992898048
/home/sf040090/Li-2017-hFGC/genomefiles/UCSChg38.fa : chr # 290  "chr19_KI270918v1_alt" chrStart: 2993160192
/home/sf040090/Li-2017-hFGC/genomefiles/UCSChg38.fa : chr # 291  "chr19_KI270919v1_alt" chrStart: 2993422336
/home/sf040090/Li-2017-hFGC/genomefiles/UCSChg38.fa : chr # 292  "chr19_KI270920v1_alt" chrStart: 2993684480
/home/sf040090/Li-2017-hFGC/genomefiles/UCSChg38.fa : chr # 293  "chr19_KI270921v1_alt" chrStart: 2993946624
/home/sf040090/Li-2017-hFGC/genomefiles/UCSChg38.fa : chr # 294  "chr19_KI270922v1_alt" chrStart: 2994470912
/home/sf040090/Li-2017-hFGC/genomefiles/UCSChg38.fa : chr # 295  "chr19_KI270923v1_alt" chrStart: 2994733056
/home/sf040090/Li-2017-hFGC/genomefiles/UCSChg38.fa : chr # 296  "chr3_KI270924v1_alt" chrStart: 2994995200
/home/sf040090/Li-2017-hFGC/genomefiles/UCSChg38.fa : chr # 297  "chr4_KI270925v1_alt" chrStart: 2995257344
/home/sf040090/Li-2017-hFGC/genomefiles/UCSChg38.fa : chr # 298  "chr6_GL000252v2_alt" chrStart: 2996043776
/home/sf040090/Li-2017-hFGC/genomefiles/UCSChg38.fa : chr # 299  "chr8_KI270926v1_alt" chrStart: 3000762368
/home/sf040090/Li-2017-hFGC/genomefiles/UCSChg38.fa : chr # 300  "chr11_KI270927v1_alt" chrStart: 3001024512
/home/sf040090/Li-2017-hFGC/genomefiles/UCSChg38.fa : chr # 301  "chr19_GL949748v2_alt" chrStart: 3001286656
/home/sf040090/Li-2017-hFGC/genomefiles/UCSChg38.fa : chr # 302  "chr22_KI270928v1_alt" chrStart: 3002597376
/home/sf040090/Li-2017-hFGC/genomefiles/UCSChg38.fa : chr # 303  "chr19_KI270929v1_alt" chrStart: 3002859520
/home/sf040090/Li-2017-hFGC/genomefiles/UCSChg38.fa : chr # 304  "chr19_KI270930v1_alt" chrStart: 3003121664
/home/sf040090/Li-2017-hFGC/genomefiles/UCSChg38.fa : chr # 305  "chr19_KI270931v1_alt" chrStart: 3003383808
/home/sf040090/Li-2017-hFGC/genomefiles/UCSChg38.fa : chr # 306  "chr19_KI270932v1_alt" chrStart: 3003645952
/home/sf040090/Li-2017-hFGC/genomefiles/UCSChg38.fa : chr # 307  "chr19_KI270933v1_alt" chrStart: 3003908096
/home/sf040090/Li-2017-hFGC/genomefiles/UCSChg38.fa : chr # 308  "chr19_GL000209v2_alt" chrStart: 3004170240
/home/sf040090/Li-2017-hFGC/genomefiles/UCSChg38.fa : chr # 309  "chr3_KI270934v1_alt" chrStart: 3004432384
/home/sf040090/Li-2017-hFGC/genomefiles/UCSChg38.fa : chr # 310  "chr6_GL000253v2_alt" chrStart: 3004694528
/home/sf040090/Li-2017-hFGC/genomefiles/UCSChg38.fa : chr # 311  "chr19_GL949749v2_alt" chrStart: 3009413120
/home/sf040090/Li-2017-hFGC/genomefiles/UCSChg38.fa : chr # 312  "chr3_KI270935v1_alt" chrStart: 3010723840
/home/sf040090/Li-2017-hFGC/genomefiles/UCSChg38.fa : chr # 313  "chr6_GL000254v2_alt" chrStart: 3010985984
/home/sf040090/Li-2017-hFGC/genomefiles/UCSChg38.fa : chr # 314  "chr19_GL949750v2_alt" chrStart: 3015966720
/home/sf040090/Li-2017-hFGC/genomefiles/UCSChg38.fa : chr # 315  "chr3_KI270936v1_alt" chrStart: 3017277440
/home/sf040090/Li-2017-hFGC/genomefiles/UCSChg38.fa : chr # 316  "chr6_GL000255v2_alt" chrStart: 3017539584
/home/sf040090/Li-2017-hFGC/genomefiles/UCSChg38.fa : chr # 317  "chr19_GL949751v2_alt" chrStart: 3022258176
/home/sf040090/Li-2017-hFGC/genomefiles/UCSChg38.fa : chr # 318  "chr3_KI270937v1_alt" chrStart: 3023306752
/home/sf040090/Li-2017-hFGC/genomefiles/UCSChg38.fa : chr # 319  "chr6_GL000256v2_alt" chrStart: 3023568896
/home/sf040090/Li-2017-hFGC/genomefiles/UCSChg38.fa : chr # 320  "chr19_GL949752v1_alt" chrStart: 3028549632
/home/sf040090/Li-2017-hFGC/genomefiles/UCSChg38.fa : chr # 321  "chr6_KI270758v1_alt" chrStart: 3029598208
/home/sf040090/Li-2017-hFGC/genomefiles/UCSChg38.fa : chr # 322  "chr19_GL949753v2_alt" chrStart: 3029860352
/home/sf040090/Li-2017-hFGC/genomefiles/UCSChg38.fa : chr # 323  "chr19_KI270938v1_alt" chrStart: 3030908928
/home/sf040090/Li-2017-hFGC/genomefiles/UCSChg38.fa : chr # 324  "chrM" chrStart: 3032219648
/home/sf040090/Li-2017-hFGC/genomefiles/UCSChg38.fa : chr # 325  "chrUn_KI270302v1" chrStart: 3032481792
/home/sf040090/Li-2017-hFGC/genomefiles/UCSChg38.fa : chr # 326  "chrUn_KI270304v1" chrStart: 3032743936
/home/sf040090/Li-2017-hFGC/genomefiles/UCSChg38.fa : chr # 327  "chrUn_KI270303v1" chrStart: 3033006080
/home/sf040090/Li-2017-hFGC/genomefiles/UCSChg38.fa : chr # 328  "chrUn_KI270305v1" chrStart: 3033268224
/home/sf040090/Li-2017-hFGC/genomefiles/UCSChg38.fa : chr # 329  "chrUn_KI270322v1" chrStart: 3033530368
/home/sf040090/Li-2017-hFGC/genomefiles/UCSChg38.fa : chr # 330  "chrUn_KI270320v1" chrStart: 3033792512
/home/sf040090/Li-2017-hFGC/genomefiles/UCSChg38.fa : chr # 331  "chrUn_KI270310v1" chrStart: 3034054656
/home/sf040090/Li-2017-hFGC/genomefiles/UCSChg38.fa : chr # 332  "chrUn_KI270316v1" chrStart: 3034316800
/home/sf040090/Li-2017-hFGC/genomefiles/UCSChg38.fa : chr # 333  "chrUn_KI270315v1" chrStart: 3034578944
/home/sf040090/Li-2017-hFGC/genomefiles/UCSChg38.fa : chr # 334  "chrUn_KI270312v1" chrStart: 3034841088
/home/sf040090/Li-2017-hFGC/genomefiles/UCSChg38.fa : chr # 335  "chrUn_KI270311v1" chrStart: 3035103232
/home/sf040090/Li-2017-hFGC/genomefiles/UCSChg38.fa : chr # 336  "chrUn_KI270317v1" chrStart: 3035365376
/home/sf040090/Li-2017-hFGC/genomefiles/UCSChg38.fa : chr # 337  "chrUn_KI270412v1" chrStart: 3035627520
/home/sf040090/Li-2017-hFGC/genomefiles/UCSChg38.fa : chr # 338  "chrUn_KI270411v1" chrStart: 3035889664
/home/sf040090/Li-2017-hFGC/genomefiles/UCSChg38.fa : chr # 339  "chrUn_KI270414v1" chrStart: 3036151808
/home/sf040090/Li-2017-hFGC/genomefiles/UCSChg38.fa : chr # 340  "chrUn_KI270419v1" chrStart: 3036413952
/home/sf040090/Li-2017-hFGC/genomefiles/UCSChg38.fa : chr # 341  "chrUn_KI270418v1" chrStart: 3036676096
/home/sf040090/Li-2017-hFGC/genomefiles/UCSChg38.fa : chr # 342  "chrUn_KI270420v1" chrStart: 3036938240
/home/sf040090/Li-2017-hFGC/genomefiles/UCSChg38.fa : chr # 343  "chrUn_KI270424v1" chrStart: 3037200384
/home/sf040090/Li-2017-hFGC/genomefiles/UCSChg38.fa : chr # 344  "chrUn_KI270417v1" chrStart: 3037462528
/home/sf040090/Li-2017-hFGC/genomefiles/UCSChg38.fa : chr # 345  "chrUn_KI270422v1" chrStart: 3037724672
/home/sf040090/Li-2017-hFGC/genomefiles/UCSChg38.fa : chr # 346  "chrUn_KI270423v1" chrStart: 3037986816
/home/sf040090/Li-2017-hFGC/genomefiles/UCSChg38.fa : chr # 347  "chrUn_KI270425v1" chrStart: 3038248960
/home/sf040090/Li-2017-hFGC/genomefiles/UCSChg38.fa : chr # 348  "chrUn_KI270429v1" chrStart: 3038511104
/home/sf040090/Li-2017-hFGC/genomefiles/UCSChg38.fa : chr # 349  "chrUn_KI270442v1" chrStart: 3038773248
/home/sf040090/Li-2017-hFGC/genomefiles/UCSChg38.fa : chr # 350  "chrUn_KI270466v1" chrStart: 3039297536
/home/sf040090/Li-2017-hFGC/genomefiles/UCSChg38.fa : chr # 351  "chrUn_KI270465v1" chrStart: 3039559680
/home/sf040090/Li-2017-hFGC/genomefiles/UCSChg38.fa : chr # 352  "chrUn_KI270467v1" chrStart: 3039821824
/home/sf040090/Li-2017-hFGC/genomefiles/UCSChg38.fa : chr # 353  "chrUn_KI270435v1" chrStart: 3040083968
/home/sf040090/Li-2017-hFGC/genomefiles/UCSChg38.fa : chr # 354  "chrUn_KI270438v1" chrStart: 3040346112
/home/sf040090/Li-2017-hFGC/genomefiles/UCSChg38.fa : chr # 355  "chrUn_KI270468v1" chrStart: 3040608256
/home/sf040090/Li-2017-hFGC/genomefiles/UCSChg38.fa : chr # 356  "chrUn_KI270510v1" chrStart: 3040870400
/home/sf040090/Li-2017-hFGC/genomefiles/UCSChg38.fa : chr # 357  "chrUn_KI270509v1" chrStart: 3041132544
/home/sf040090/Li-2017-hFGC/genomefiles/UCSChg38.fa : chr # 358  "chrUn_KI270518v1" chrStart: 3041394688
/home/sf040090/Li-2017-hFGC/genomefiles/UCSChg38.fa : chr # 359  "chrUn_KI270508v1" chrStart: 3041656832
/home/sf040090/Li-2017-hFGC/genomefiles/UCSChg38.fa : chr # 360  "chrUn_KI270516v1" chrStart: 3041918976
/home/sf040090/Li-2017-hFGC/genomefiles/UCSChg38.fa : chr # 361  "chrUn_KI270512v1" chrStart: 3042181120
/home/sf040090/Li-2017-hFGC/genomefiles/UCSChg38.fa : chr # 362  "chrUn_KI270519v1" chrStart: 3042443264
/home/sf040090/Li-2017-hFGC/genomefiles/UCSChg38.fa : chr # 363  "chrUn_KI270522v1" chrStart: 3042705408
/home/sf040090/Li-2017-hFGC/genomefiles/UCSChg38.fa : chr # 364  "chrUn_KI270511v1" chrStart: 3042967552
/home/sf040090/Li-2017-hFGC/genomefiles/UCSChg38.fa : chr # 365  "chrUn_KI270515v1" chrStart: 3043229696
/home/sf040090/Li-2017-hFGC/genomefiles/UCSChg38.fa : chr # 366  "chrUn_KI270507v1" chrStart: 3043491840
/home/sf040090/Li-2017-hFGC/genomefiles/UCSChg38.fa : chr # 367  "chrUn_KI270517v1" chrStart: 3043753984
/home/sf040090/Li-2017-hFGC/genomefiles/UCSChg38.fa : chr # 368  "chrUn_KI270529v1" chrStart: 3044016128
/home/sf040090/Li-2017-hFGC/genomefiles/UCSChg38.fa : chr # 369  "chrUn_KI270528v1" chrStart: 3044278272
/home/sf040090/Li-2017-hFGC/genomefiles/UCSChg38.fa : chr # 370  "chrUn_KI270530v1" chrStart: 3044540416
/home/sf040090/Li-2017-hFGC/genomefiles/UCSChg38.fa : chr # 371  "chrUn_KI270539v1" chrStart: 3044802560
/home/sf040090/Li-2017-hFGC/genomefiles/UCSChg38.fa : chr # 372  "chrUn_KI270538v1" chrStart: 3045064704
/home/sf040090/Li-2017-hFGC/genomefiles/UCSChg38.fa : chr # 373  "chrUn_KI270544v1" chrStart: 3045326848
/home/sf040090/Li-2017-hFGC/genomefiles/UCSChg38.fa : chr # 374  "chrUn_KI270548v1" chrStart: 3045588992
/home/sf040090/Li-2017-hFGC/genomefiles/UCSChg38.fa : chr # 375  "chrUn_KI270583v1" chrStart: 3045851136
/home/sf040090/Li-2017-hFGC/genomefiles/UCSChg38.fa : chr # 376  "chrUn_KI270587v1" chrStart: 3046113280
/home/sf040090/Li-2017-hFGC/genomefiles/UCSChg38.fa : chr # 377  "chrUn_KI270580v1" chrStart: 3046375424
/home/sf040090/Li-2017-hFGC/genomefiles/UCSChg38.fa : chr # 378  "chrUn_KI270581v1" chrStart: 3046637568
/home/sf040090/Li-2017-hFGC/genomefiles/UCSChg38.fa : chr # 379  "chrUn_KI270579v1" chrStart: 3046899712
/home/sf040090/Li-2017-hFGC/genomefiles/UCSChg38.fa : chr # 380  "chrUn_KI270589v1" chrStart: 3047161856
/home/sf040090/Li-2017-hFGC/genomefiles/UCSChg38.fa : chr # 381  "chrUn_KI270590v1" chrStart: 3047424000
/home/sf040090/Li-2017-hFGC/genomefiles/UCSChg38.fa : chr # 382  "chrUn_KI270584v1" chrStart: 3047686144
/home/sf040090/Li-2017-hFGC/genomefiles/UCSChg38.fa : chr # 383  "chrUn_KI270582v1" chrStart: 3047948288
/home/sf040090/Li-2017-hFGC/genomefiles/UCSChg38.fa : chr # 384  "chrUn_KI270588v1" chrStart: 3048210432
/home/sf040090/Li-2017-hFGC/genomefiles/UCSChg38.fa : chr # 385  "chrUn_KI270593v1" chrStart: 3048472576
/home/sf040090/Li-2017-hFGC/genomefiles/UCSChg38.fa : chr # 386  "chrUn_KI270591v1" chrStart: 3048734720
/home/sf040090/Li-2017-hFGC/genomefiles/UCSChg38.fa : chr # 387  "chrUn_KI270330v1" chrStart: 3048996864
/home/sf040090/Li-2017-hFGC/genomefiles/UCSChg38.fa : chr # 388  "chrUn_KI270329v1" chrStart: 3049259008
/home/sf040090/Li-2017-hFGC/genomefiles/UCSChg38.fa : chr # 389  "chrUn_KI270334v1" chrStart: 3049521152
/home/sf040090/Li-2017-hFGC/genomefiles/UCSChg38.fa : chr # 390  "chrUn_KI270333v1" chrStart: 3049783296
/home/sf040090/Li-2017-hFGC/genomefiles/UCSChg38.fa : chr # 391  "chrUn_KI270335v1" chrStart: 3050045440
/home/sf040090/Li-2017-hFGC/genomefiles/UCSChg38.fa : chr # 392  "chrUn_KI270338v1" chrStart: 3050307584
/home/sf040090/Li-2017-hFGC/genomefiles/UCSChg38.fa : chr # 393  "chrUn_KI270340v1" chrStart: 3050569728
/home/sf040090/Li-2017-hFGC/genomefiles/UCSChg38.fa : chr # 394  "chrUn_KI270336v1" chrStart: 3050831872
/home/sf040090/Li-2017-hFGC/genomefiles/UCSChg38.fa : chr # 395  "chrUn_KI270337v1" chrStart: 3051094016
/home/sf040090/Li-2017-hFGC/genomefiles/UCSChg38.fa : chr # 396  "chrUn_KI270363v1" chrStart: 3051356160
/home/sf040090/Li-2017-hFGC/genomefiles/UCSChg38.fa : chr # 397  "chrUn_KI270364v1" chrStart: 3051618304
/home/sf040090/Li-2017-hFGC/genomefiles/UCSChg38.fa : chr # 398  "chrUn_KI270362v1" chrStart: 3051880448
/home/sf040090/Li-2017-hFGC/genomefiles/UCSChg38.fa : chr # 399  "chrUn_KI270366v1" chrStart: 3052142592
/home/sf040090/Li-2017-hFGC/genomefiles/UCSChg38.fa : chr # 400  "chrUn_KI270378v1" chrStart: 3052404736
/home/sf040090/Li-2017-hFGC/genomefiles/UCSChg38.fa : chr # 401  "chrUn_KI270379v1" chrStart: 3052666880
/home/sf040090/Li-2017-hFGC/genomefiles/UCSChg38.fa : chr # 402  "chrUn_KI270389v1" chrStart: 3052929024
/home/sf040090/Li-2017-hFGC/genomefiles/UCSChg38.fa : chr # 403  "chrUn_KI270390v1" chrStart: 3053191168
/home/sf040090/Li-2017-hFGC/genomefiles/UCSChg38.fa : chr # 404  "chrUn_KI270387v1" chrStart: 3053453312
/home/sf040090/Li-2017-hFGC/genomefiles/UCSChg38.fa : chr # 405  "chrUn_KI270395v1" chrStart: 3053715456
/home/sf040090/Li-2017-hFGC/genomefiles/UCSChg38.fa : chr # 406  "chrUn_KI270396v1" chrStart: 3053977600
/home/sf040090/Li-2017-hFGC/genomefiles/UCSChg38.fa : chr # 407  "chrUn_KI270388v1" chrStart: 3054239744
/home/sf040090/Li-2017-hFGC/genomefiles/UCSChg38.fa : chr # 408  "chrUn_KI270394v1" chrStart: 3054501888
/home/sf040090/Li-2017-hFGC/genomefiles/UCSChg38.fa : chr # 409  "chrUn_KI270386v1" chrStart: 3054764032
/home/sf040090/Li-2017-hFGC/genomefiles/UCSChg38.fa : chr # 410  "chrUn_KI270391v1" chrStart: 3055026176
/home/sf040090/Li-2017-hFGC/genomefiles/UCSChg38.fa : chr # 411  "chrUn_KI270383v1" chrStart: 3055288320
/home/sf040090/Li-2017-hFGC/genomefiles/UCSChg38.fa : chr # 412  "chrUn_KI270393v1" chrStart: 3055550464
/home/sf040090/Li-2017-hFGC/genomefiles/UCSChg38.fa : chr # 413  "chrUn_KI270384v1" chrStart: 3055812608
/home/sf040090/Li-2017-hFGC/genomefiles/UCSChg38.fa : chr # 414  "chrUn_KI270392v1" chrStart: 3056074752
/home/sf040090/Li-2017-hFGC/genomefiles/UCSChg38.fa : chr # 415  "chrUn_KI270381v1" chrStart: 3056336896
/home/sf040090/Li-2017-hFGC/genomefiles/UCSChg38.fa : chr # 416  "chrUn_KI270385v1" chrStart: 3056599040
/home/sf040090/Li-2017-hFGC/genomefiles/UCSChg38.fa : chr # 417  "chrUn_KI270382v1" chrStart: 3056861184
/home/sf040090/Li-2017-hFGC/genomefiles/UCSChg38.fa : chr # 418  "chrUn_KI270376v1" chrStart: 3057123328
/home/sf040090/Li-2017-hFGC/genomefiles/UCSChg38.fa : chr # 419  "chrUn_KI270374v1" chrStart: 3057385472
/home/sf040090/Li-2017-hFGC/genomefiles/UCSChg38.fa : chr # 420  "chrUn_KI270372v1" chrStart: 3057647616
/home/sf040090/Li-2017-hFGC/genomefiles/UCSChg38.fa : chr # 421  "chrUn_KI270373v1" chrStart: 3057909760
/home/sf040090/Li-2017-hFGC/genomefiles/UCSChg38.fa : chr # 422  "chrUn_KI270375v1" chrStart: 3058171904
/home/sf040090/Li-2017-hFGC/genomefiles/UCSChg38.fa : chr # 423  "chrUn_KI270371v1" chrStart: 3058434048
/home/sf040090/Li-2017-hFGC/genomefiles/UCSChg38.fa : chr # 424  "chrUn_KI270448v1" chrStart: 3058696192
/home/sf040090/Li-2017-hFGC/genomefiles/UCSChg38.fa : chr # 425  "chrUn_KI270521v1" chrStart: 3058958336
/home/sf040090/Li-2017-hFGC/genomefiles/UCSChg38.fa : chr # 426  "chrUn_GL000195v1" chrStart: 3059220480
/home/sf040090/Li-2017-hFGC/genomefiles/UCSChg38.fa : chr # 427  "chrUn_GL000219v1" chrStart: 3059482624
/home/sf040090/Li-2017-hFGC/genomefiles/UCSChg38.fa : chr # 428  "chrUn_GL000220v1" chrStart: 3059744768
/home/sf040090/Li-2017-hFGC/genomefiles/UCSChg38.fa : chr # 429  "chrUn_GL000224v1" chrStart: 3060006912
/home/sf040090/Li-2017-hFGC/genomefiles/UCSChg38.fa : chr # 430  "chrUn_KI270741v1" chrStart: 3060269056
/home/sf040090/Li-2017-hFGC/genomefiles/UCSChg38.fa : chr # 431  "chrUn_GL000226v1" chrStart: 3060531200
/home/sf040090/Li-2017-hFGC/genomefiles/UCSChg38.fa : chr # 432  "chrUn_GL000213v1" chrStart: 3060793344
/home/sf040090/Li-2017-hFGC/genomefiles/UCSChg38.fa : chr # 433  "chrUn_KI270743v1" chrStart: 3061055488
/home/sf040090/Li-2017-hFGC/genomefiles/UCSChg38.fa : chr # 434  "chrUn_KI270744v1" chrStart: 3061317632
/home/sf040090/Li-2017-hFGC/genomefiles/UCSChg38.fa : chr # 435  "chrUn_KI270745v1" chrStart: 3061579776
/home/sf040090/Li-2017-hFGC/genomefiles/UCSChg38.fa : chr # 436  "chrUn_KI270746v1" chrStart: 3061841920
/home/sf040090/Li-2017-hFGC/genomefiles/UCSChg38.fa : chr # 437  "chrUn_KI270747v1" chrStart: 3062104064
/home/sf040090/Li-2017-hFGC/genomefiles/UCSChg38.fa : chr # 438  "chrUn_KI270748v1" chrStart: 3062366208
/home/sf040090/Li-2017-hFGC/genomefiles/UCSChg38.fa : chr # 439  "chrUn_KI270749v1" chrStart: 3062628352
/home/sf040090/Li-2017-hFGC/genomefiles/UCSChg38.fa : chr # 440  "chrUn_KI270750v1" chrStart: 3062890496
/home/sf040090/Li-2017-hFGC/genomefiles/UCSChg38.fa : chr # 441  "chrUn_KI270751v1" chrStart: 3063152640
/home/sf040090/Li-2017-hFGC/genomefiles/UCSChg38.fa : chr # 442  "chrUn_KI270752v1" chrStart: 3063414784
/home/sf040090/Li-2017-hFGC/genomefiles/UCSChg38.fa : chr # 443  "chrUn_KI270753v1" chrStart: 3063676928
/home/sf040090/Li-2017-hFGC/genomefiles/UCSChg38.fa : chr # 444  "chrUn_KI270754v1" chrStart: 3063939072
/home/sf040090/Li-2017-hFGC/genomefiles/UCSChg38.fa : chr # 445  "chrUn_KI270755v1" chrStart: 3064201216
/home/sf040090/Li-2017-hFGC/genomefiles/UCSChg38.fa : chr # 446  "chrUn_KI270756v1" chrStart: 3064463360
/home/sf040090/Li-2017-hFGC/genomefiles/UCSChg38.fa : chr # 447  "chrUn_KI270757v1" chrStart: 3064725504
/home/sf040090/Li-2017-hFGC/genomefiles/UCSChg38.fa : chr # 448  "chrUn_GL000214v1" chrStart: 3064987648
/home/sf040090/Li-2017-hFGC/genomefiles/UCSChg38.fa : chr # 449  "chrUn_KI270742v1" chrStart: 3065249792
/home/sf040090/Li-2017-hFGC/genomefiles/UCSChg38.fa : chr # 450  "chrUn_GL000216v2" chrStart: 3065511936
/home/sf040090/Li-2017-hFGC/genomefiles/UCSChg38.fa : chr # 451  "chrUn_GL000218v1" chrStart: 3065774080
/home/sf040090/Li-2017-hFGC/genomefiles/UCSChg38.fa : chr # 452  "chrX" chrStart: 3066036224
/home/sf040090/Li-2017-hFGC/genomefiles/UCSChg38.fa : chr # 453  "chrY" chrStart: 3222274048
/home/sf040090/Li-2017-hFGC/genomefiles/UCSChg38.fa : chr # 454  "chrY_KI270740v1_random" chrStart: 3279683584
Number of SA indices: 6098631566
Mar 07 22:12:54 ... starting to sort Suffix Array. This may take a long time...
Number of chunks: 1;   chunks size limit: 86064053120 bytes
Mar 07 22:14:00 ... sorting Suffix Array chunks and saving them to disk...
